app/build/intermediates/manifest_merge_blame_file/debug/processDebugMainManifest/manifest-merger-blame-debug-report.txt
1<?xml version="1.0" encoding="utf-8"?>
2<manifest xmlns:android="http://schemas.android.com/apk/res/android"
3    package="com.quizmaker.android"
4    android:versionCode="1"
5    android:versionName="1.0.0-phase1" >
6
7    <uses-sdk
8        android:minSdkVersion="24"
9        android:targetSdkVersion="36" />
10
11    <uses-permission android:name="android.permission.INTERNET" />
11-->src\main\AndroidManifest.xml:4:5-67
11-->src\main\AndroidManifest.xml:4:22-64
12    <uses-permission android:name="android.permission.ACCESS_NETWORK_STATE" />
12-->src\main\AndroidManifest.xml:5:5-79
12-->src\main\AndroidManifest.xml:5:22-76
13    <uses-permission android:name="android.permission.CAMERA" />
13-->src\main\AndroidManifest.xml:6:5-65
13-->src\main\AndroidManifest.xml:6:22-62
14
15    <uses-feature
15-->src\main\AndroidManifest.xml:7:5-85
16        android:name="android.hardware.camera"
16-->src\main\AndroidManifest.xml:7:19-57
17        android:required="false" />
17-->src\main\AndroidManifest.xml:7:58-82
18
19    <permission
19-->[androidx.core:core:1.18.0] AndroidManifest.xml:22:5-24:47
20        android:name="com.quizmaker.android.DYNAMIC_RECEIVER_NOT_EXPORTED_PERMISSION"
20-->[androidx.core:core:1.18.0] AndroidManifest.xml:23:9-81
21        android:protectionLevel="signature" />
21-->[androidx.core:core:1.18.0] AndroidManifest.xml:24:9-44
22
23    <uses-permission android:name="com.quizmaker.android.DYNAMIC_RECEIVER_NOT_EXPORTED_PERMISSION" />
23-->[androidx.core:core:1.18.0] AndroidManifest.xml:26:5-97
23-->[androidx.core:core:1.18.0] AndroidManifest.xml:26:22-94
24
25    <uses-feature
25-->[com.journeyapps:zxing-android-embedded:4.3.0] AndroidManifest.xml:28:5-30:36
26        android:name="android.hardware.camera.front"
26-->[com.journeyapps:zxing-android-embedded:4.3.0] AndroidManifest.xml:29:9-53
27        android:required="false" /> <!-- TODO replace above two with next line after Android 4.2 -->
27-->[com.journeyapps:zxing-android-embedded:4.3.0] AndroidManifest.xml:30:9-33
28    <!-- <uses-feature android:name="android.hardware.camera.any"/> -->
29    <uses-feature
29-->[com.journeyapps:zxing-android-embedded:4.3.0] AndroidManifest.xml:33:5-35:36
30        android:name="android.hardware.camera.autofocus"
30-->[com.journeyapps:zxing-android-embedded:4.3.0] AndroidManifest.xml:34:9-57
31        android:required="false" />
31-->[com.journeyapps:zxing-android-embedded:4.3.0] AndroidManifest.xml:35:9-33
32    <uses-feature
32-->[com.journeyapps:zxing-android-embedded:4.3.0] AndroidManifest.xml:36:5-38:36
33        android:name="android.hardware.camera.flash"
33-->[com.journeyapps:zxing-android-embedded:4.3.0] AndroidManifest.xml:37:9-53
34        android:required="false" />
34-->[com.journeyapps:zxing-android-embedded:4.3.0] AndroidManifest.xml:38:9-33
35    <uses-feature
35-->[com.journeyapps:zxing-android-embedded:4.3.0] AndroidManifest.xml:39:5-41:36
36        android:name="android.hardware.screen.landscape"
36-->[com.journeyapps:zxing-android-embedded:4.3.0] AndroidManifest.xml:40:9-57
37        android:required="false" />
37-->[com.journeyapps:zxing-android-embedded:4.3.0] AndroidManifest.xml:41:9-33
38    <uses-feature
38-->[com.journeyapps:zxing-android-embedded:4.3.0] AndroidManifest.xml:42:5-44:36
39        android:name="android.hardware.wifi"
39-->[com.journeyapps:zxing-android-embedded:4.3.0] AndroidManifest.xml:43:9-45
40        android:required="false" />
40-->[com.journeyapps:zxing-android-embedded:4.3.0] AndroidManifest.xml:44:9-33
41
42    <application
42-->src\main\AndroidManifest.xml:9:5-60:19
43        android:name="com.quizmaker.android.QuizMakerApp"
43-->src\main\AndroidManifest.xml:10:9-37
44        android:allowBackup="true"
44-->src\main\AndroidManifest.xml:11:9-35
45        android:appComponentFactory="androidx.core.app.CoreComponentFactory"
45-->[androidx.core:core:1.18.0] AndroidManifest.xml:28:18-86
46        android:debuggable="true"
47        android:extractNativeLibs="false"
48        android:icon="@drawable/ic_launcher"
48-->src\main\AndroidManifest.xml:12:9-45
49        android:label="@string/app_name"
49-->src\main\AndroidManifest.xml:13:9-41
50        android:roundIcon="@drawable/ic_launcher"
50-->src\main\AndroidManifest.xml:14:9-50
51        android:supportsRtl="true"
51-->src\main\AndroidManifest.xml:15:9-35
52        android:testOnly="true"
53        android:theme="@style/Theme.QuizMaker" >
53-->src\main\AndroidManifest.xml:16:9-47
54        <activity
54-->src\main\AndroidManifest.xml:18:9-48:20
55            android:name="com.quizmaker.android.MainActivity"
55-->src\main\AndroidManifest.xml:19:13-41
56            android:exported="true"
56-->src\main\AndroidManifest.xml:20:13-36
57            android:launchMode="singleTask"
57-->src\main\AndroidManifest.xml:21:13-44
58            android:theme="@style/Theme.QuizMaker" >
58-->src\main\AndroidManifest.xml:22:13-51
59            <intent-filter>
59-->src\main\AndroidManifest.xml:23:13-26:29
60                <action android:name="android.intent.action.MAIN" />
60-->src\main\AndroidManifest.xml:24:17-69
60-->src\main\AndroidManifest.xml:24:25-66
61
62                <category android:name="android.intent.category.LAUNCHER" />
62-->src\main\AndroidManifest.xml:25:17-77
62-->src\main\AndroidManifest.xml:25:27-74
63            </intent-filter>
64
65            <!-- Shareable quiz link: https://quiz-maker.online/take-quiz/{shareId} -->
66            <intent-filter android:autoVerify="true" >
66-->src\main\AndroidManifest.xml:29:13-37:29
66-->src\main\AndroidManifest.xml:29:28-53
67                <action android:name="android.intent.action.VIEW" />
67-->src\main\AndroidManifest.xml:30:17-69
67-->src\main\AndroidManifest.xml:30:25-66
68
69                <category android:name="android.intent.category.DEFAULT" />
69-->src\main\AndroidManifest.xml:31:17-76
69-->src\main\AndroidManifest.xml:31:27-73
70                <category android:name="android.intent.category.BROWSABLE" />
70-->src\main\AndroidManifest.xml:32:17-78
70-->src\main\AndroidManifest.xml:32:27-75
71
72                <data
72-->src\main\AndroidManifest.xml:33:17-36:55
73                    android:host="quiz-maker.online"
73-->src\main\AndroidManifest.xml:35:21-53
74                    android:pathPrefix="/take-quiz"
74-->src\main\AndroidManifest.xml:36:21-52
75                    android:scheme="https" />
75-->src\main\AndroidManifest.xml:34:21-43
76            </intent-filter>
77
78            <!-- Fallback custom-scheme deep link, works without domain verification -->
79            <intent-filter>
79-->src\main\AndroidManifest.xml:40:13-47:29
80                <action android:name="android.intent.action.VIEW" />
80-->src\main\AndroidManifest.xml:30:17-69
80-->src\main\AndroidManifest.xml:30:25-66
81
82                <category android:name="android.intent.category.DEFAULT" />
82-->src\main\AndroidManifest.xml:31:17-76
82-->src\main\AndroidManifest.xml:31:27-73
83                <category android:name="android.intent.category.BROWSABLE" />
83-->src\main\AndroidManifest.xml:32:17-78
83-->src\main\AndroidManifest.xml:32:27-75
84
85                <data
85-->src\main\AndroidManifest.xml:33:17-36:55
86                    android:host="take-quiz"
86-->src\main\AndroidManifest.xml:35:21-53
87                    android:scheme="quizmaker" />
87-->src\main\AndroidManifest.xml:34:21-43
88            </intent-filter>
89        </activity>
90
91        <!-- Lets us hand generated PDFs (e.g. leaderboard exports) to other apps via a content:// URI. -->
92        <provider
93            android:name="androidx.core.content.FileProvider"
93-->src\main\AndroidManifest.xml:52:13-62
94            android:authorities="com.quizmaker.android.fileprovider"
94-->src\main\AndroidManifest.xml:53:13-64
95            android:exported="false"
95-->src\main\AndroidManifest.xml:54:13-37
96            android:grantUriPermissions="true" >
96-->src\main\AndroidManifest.xml:55:13-47
97            <meta-data
97-->src\main\AndroidManifest.xml:56:13-58:54
98                android:name="android.support.FILE_PROVIDER_PATHS"
98-->src\main\AndroidManifest.xml:57:17-67
99                android:resource="@xml/file_paths" />
99-->src\main\AndroidManifest.xml:58:17-51
100        </provider>
101
102        <activity
102-->[androidx.compose.ui:ui-tooling-android:1.10.2] AndroidManifest.xml:23:9-25:39
103            android:name="androidx.compose.ui.tooling.PreviewActivity"
103-->[androidx.compose.ui:ui-tooling-android:1.10.2] AndroidManifest.xml:24:13-71
104            android:exported="true" />
104-->[androidx.compose.ui:ui-tooling-android:1.10.2] AndroidManifest.xml:25:13-36
105
106        <uses-library
106-->[androidx.window:window:1.5.0] AndroidManifest.xml:23:9-25:40
107            android:name="androidx.window.extensions"
107-->[androidx.window:window:1.5.0] AndroidManifest.xml:24:13-54
108            android:required="false" />
108-->[androidx.window:window:1.5.0] AndroidManifest.xml:25:13-37
109        <uses-library
109-->[androidx.window:window:1.5.0] AndroidManifest.xml:26:9-28:40
110            android:name="androidx.window.sidecar"
110-->[androidx.window:window:1.5.0] AndroidManifest.xml:27:13-51
111            android:required="false" />
111-->[androidx.window:window:1.5.0] AndroidManifest.xml:28:13-37
112
113        <provider
113-->[io.github.jan-tennert.supabase:storage-kt-android-debug:3.2.3] AndroidManifest.xml:9:9-17:20
114            android:name="androidx.startup.InitializationProvider"
114-->[io.github.jan-tennert.supabase:storage-kt-android-debug:3.2.3] AndroidManifest.xml:10:13-67
115            android:authorities="com.quizmaker.android.androidx-startup"
115-->[io.github.jan-tennert.supabase:storage-kt-android-debug:3.2.3] AndroidManifest.xml:11:13-68
116            android:exported="false" >
116-->[io.github.jan-tennert.supabase:storage-kt-android-debug:3.2.3] AndroidManifest.xml:12:13-37
117            <meta-data
117-->[io.github.jan-tennert.supabase:storage-kt-android-debug:3.2.3] AndroidManifest.xml:14:13-16:52
118                android:name="io.github.jan.supabase.storage.SupabaseInitializer"
118-->[io.github.jan-tennert.supabase:storage-kt-android-debug:3.2.3] AndroidManifest.xml:15:17-82
119                android:value="androidx.startup" />
119-->[io.github.jan-tennert.supabase:storage-kt-android-debug:3.2.3] AndroidManifest.xml:16:17-49
120            <meta-data
120-->[io.github.jan-tennert.supabase:auth-kt-android-debug:3.2.3] AndroidManifest.xml:14:13-16:52
121                android:name="io.github.jan.supabase.auth.SupabaseInitializer"
121-->[io.github.jan-tennert.supabase:auth-kt-android-debug:3.2.3] AndroidManifest.xml:15:17-79
122                android:value="androidx.startup" />
122-->[io.github.jan-tennert.supabase:auth-kt-android-debug:3.2.3] AndroidManifest.xml:16:17-49
123            <meta-data
123-->[androidx.emoji2:emoji2:1.4.0] AndroidManifest.xml:29:13-31:52
124                android:name="androidx.emoji2.text.EmojiCompatInitializer"
124-->[androidx.emoji2:emoji2:1.4.0] AndroidManifest.xml:30:17-75
125                android:value="androidx.startup" />
125-->[androidx.emoji2:emoji2:1.4.0] AndroidManifest.xml:31:17-49
126            <meta-data
126-->[androidx.lifecycle:lifecycle-process:2.10.0] AndroidManifest.xml:29:13-31:52
127                android:name="androidx.lifecycle.ProcessLifecycleInitializer"
127-->[androidx.lifecycle:lifecycle-process:2.10.0] AndroidManifest.xml:30:17-78
128                android:value="androidx.startup" />
128-->[androidx.lifecycle:lifecycle-process:2.10.0] AndroidManifest.xml:31:17-49
129            <meta-data
129-->[androidx.profileinstaller:profileinstaller:1.4.0] AndroidManifest.xml:29:13-31:52
130                android:name="androidx.profileinstaller.ProfileInstallerInitializer"
130-->[androidx.profileinstaller:profileinstaller:1.4.0] AndroidManifest.xml:30:17-85
131                android:value="androidx.startup" />
131-->[androidx.profileinstaller:profileinstaller:1.4.0] AndroidManifest.xml:31:17-49
132            <meta-data
132-->[com.russhwolf:multiplatform-settings-no-arg-android-debug:1.3.0] AndroidManifest.xml:29:13-31:52
133                android:name="com.russhwolf.settings.SettingsInitializer"
133-->[com.russhwolf:multiplatform-settings-no-arg-android-debug:1.3.0] AndroidManifest.xml:30:17-74
134                android:value="androidx.startup" />
134-->[com.russhwolf:multiplatform-settings-no-arg-android-debug:1.3.0] AndroidManifest.xml:31:17-49
135        </provider>
136
137        <service
137-->[androidx.room:room-runtime-android:2.8.4] AndroidManifest.xml:24:9-28:63
138            android:name="androidx.room.MultiInstanceInvalidationService"
138-->[androidx.room:room-runtime-android:2.8.4] AndroidManifest.xml:25:13-74
139            android:directBootAware="true"
139-->[androidx.room:room-runtime-android:2.8.4] AndroidManifest.xml:26:13-43
140            android:exported="false" />
140-->[androidx.room:room-runtime-android:2.8.4] AndroidManifest.xml:27:13-37
141
142        <receiver
142-->[androidx.profileinstaller:profileinstaller:1.4.0] AndroidManifest.xml:34:9-52:20
143            android:name="androidx.profileinstaller.ProfileInstallReceiver"
143-->[androidx.profileinstaller:profileinstaller:1.4.0] AndroidManifest.xml:35:13-76
144            android:directBootAware="false"
144-->[androidx.profileinstaller:profileinstaller:1.4.0] AndroidManifest.xml:36:13-44
145            android:enabled="true"
145-->[androidx.profileinstaller:profileinstaller:1.4.0] AndroidManifest.xml:37:13-35
146            android:exported="true"
146-->[androidx.profileinstaller:profileinstaller:1.4.0] AndroidManifest.xml:38:13-36
147            android:permission="android.permission.DUMP" >
147-->[androidx.profileinstaller:profileinstaller:1.4.0] AndroidManifest.xml:39:13-57
148            <intent-filter>
148-->[androidx.profileinstaller:profileinstaller:1.4.0] AndroidManifest.xml:40:13-42:29
149                <action android:name="androidx.profileinstaller.action.INSTALL_PROFILE" />
149-->[androidx.profileinstaller:profileinstaller:1.4.0] AndroidManifest.xml:41:17-91
149-->[androidx.profileinstaller:profileinstaller:1.4.0] AndroidManifest.xml:41:25-88
150            </intent-filter>
151            <intent-filter>
151-->[androidx.profileinstaller:profileinstaller:1.4.0] AndroidManifest.xml:43:13-45:29
152                <action android:name="androidx.profileinstaller.action.SKIP_FILE" />
152-->[androidx.profileinstaller:profileinstaller:1.4.0] AndroidManifest.xml:44:17-85
152-->[androidx.profileinstaller:profileinstaller:1.4.0] AndroidManifest.xml:44:25-82
153            </intent-filter>
154            <intent-filter>
154-->[androidx.profileinstaller:profileinstaller:1.4.0] AndroidManifest.xml:46:13-48:29
155                <action android:name="androidx.profileinstaller.action.SAVE_PROFILE" />
155-->[androidx.profileinstaller:profileinstaller:1.4.0] AndroidManifest.xml:47:17-88
155-->[androidx.profileinstaller:profileinstaller:1.4.0] AndroidManifest.xml:47:25-85
156            </intent-filter>
157            <intent-filter>
157-->[androidx.profileinstaller:profileinstaller:1.4.0] AndroidManifest.xml:49:13-51:29
158                <action android:name="androidx.profileinstaller.action.BENCHMARK_OPERATION" />
158-->[androidx.profileinstaller:profileinstaller:1.4.0] AndroidManifest.xml:50:17-95
158-->[androidx.profileinstaller:profileinstaller:1.4.0] AndroidManifest.xml:50:25-92
159            </intent-filter>
160        </receiver>
161
162        <activity
162-->[com.journeyapps:zxing-android-embedded:4.3.0] AndroidManifest.xml:47:9-53:63
163            android:name="com.journeyapps.barcodescanner.CaptureActivity"
163-->[com.journeyapps:zxing-android-embedded:4.3.0] AndroidManifest.xml:48:13-74
164            android:clearTaskOnLaunch="true"
164-->[com.journeyapps:zxing-android-embedded:4.3.0] AndroidManifest.xml:49:13-45
165            android:screenOrientation="sensorLandscape"
165-->[com.journeyapps:zxing-android-embedded:4.3.0] AndroidManifest.xml:50:13-56
166            android:stateNotNeeded="true"
166-->[com.journeyapps:zxing-android-embedded:4.3.0] AndroidManifest.xml:51:13-42
167            android:theme="@style/zxing_CaptureTheme"
167-->[com.journeyapps:zxing-android-embedded:4.3.0] AndroidManifest.xml:52:13-54
168            android:windowSoftInputMode="stateAlwaysHidden" />
168-->[com.journeyapps:zxing-android-embedded:4.3.0] AndroidManifest.xml:53:13-60
169    </application>
170
171</manifest>